2025-05-30T16:05:02.779+0530 [INFO]  Terraform version: 1.12.1
2025-05-30T16:05:02.781+0530 [DEBUG] using github.com/hashicorp/go-tfe v1.74.1
2025-05-30T16:05:02.781+0530 [DEBUG] using github.com/hashicorp/hcl/v2 v2.23.1-0.20250203194505-ba0759438da2
2025-05-30T16:05:02.781+0530 [DEBUG] using github.com/hashicorp/terraform-svchost v0.1.1
2025-05-30T16:05:02.781+0530 [DEBUG] using github.com/zclconf/go-cty v1.16.2
2025-05-30T16:05:02.781+0530 [INFO]  Go runtime version: go1.24.2
2025-05-30T16:05:02.781+0530 [INFO]  CLI args: []string{"terraform", "init"}
2025-05-30T16:05:02.781+0530 [DEBUG] Attempting to open CLI config file: /home/anugrah/.terraformrc
2025-05-30T16:05:02.781+0530 [DEBUG] File doesn't exist, but doesn't need to. Ignoring.
2025-05-30T16:05:02.781+0530 [DEBUG] ignoring non-existing provider search directory terraform.d/plugins
2025-05-30T16:05:02.781+0530 [DEBUG] ignoring non-existing provider search directory /home/anugrah/.terraform.d/plugins
2025-05-30T16:05:02.781+0530 [DEBUG] ignoring non-existing provider search directory /home/anugrah/.local/share/terraform/plugins
2025-05-30T16:05:02.781+0530 [DEBUG] ignoring non-existing provider search directory /usr/share/ubuntu/terraform/plugins
2025-05-30T16:05:02.781+0530 [DEBUG] ignoring non-existing provider search directory /usr/share/gnome/terraform/plugins
2025-05-30T16:05:02.781+0530 [DEBUG] ignoring non-existing provider search directory /usr/local/share/terraform/plugins
2025-05-30T16:05:02.781+0530 [DEBUG] ignoring non-existing provider search directory /usr/share/terraform/plugins
2025-05-30T16:05:02.781+0530 [DEBUG] ignoring non-existing provider search directory /var/lib/snapd/desktop/terraform/plugins
2025-05-30T16:05:02.782+0530 [INFO]  CLI command args: []string{"init"}
[0m[1mInitializing the backend...[0m
2025-05-30T16:05:02.804+0530 [DEBUG] checking for provisioner in "."
2025-05-30T16:05:02.820+0530 [DEBUG] checking for provisioner in "/usr/bin"
[0m[1mInitializing provider plugins...[0m
- Finding kreuzwerker/docker versions matching "3.0.2"...
2025-05-30T16:05:02.829+0530 [DEBUG] Service discovery for registry.terraform.io at https://registry.terraform.io/.well-known/terraform.json
2025-05-30T16:05:05.178+0530 [DEBUG] GET https://registry.terraform.io/v1/providers/kreuzwerker/docker/versions
2025-05-30T16:05:05.444+0530 [DEBUG] GET https://registry.terraform.io/v1/providers/kreuzwerker/docker/3.0.2/download/linux/amd64
2025-05-30T16:05:05.671+0530 [DEBUG] GET https://github.com/kreuzwerker/terraform-provider-docker/releases/download/v3.0.2/terraform-provider-docker_3.0.2_SHA256SUMS
2025-05-30T16:05:12.840+0530 [DEBUG] GET https://github.com/kreuzwerker/terraform-provider-docker/releases/download/v3.0.2/terraform-provider-docker_3.0.2_SHA256SUMS.sig
- Installing kreuzwerker/docker v3.0.2...
2025-05-30T16:05:21.683+0530 [DEBUG] Provider signed by BD080C4571C6104C xwbot <github.xwbot@kreuzwerker.de>
- Installed kreuzwerker/docker v3.0.2 (self-signed, key ID [0m[1mBD080C4571C6104C[0m[0m)
Partner and community providers are signed by their developers.
If you'd like to know more about provider signing, you can read about it here:
https://developer.hashicorp.com/terraform/cli/plugins/signing
Terraform has created a lock file [1m.terraform.lock.hcl[0m to record the provider
selections it made above. Include this file in your version control repository
so that Terraform can guarantee to make the same selections by default when
you run "terraform init" in the future.[0m

[0m[1m[32mTerraform has been successfully initialized![0m[32m[0m
[0m[32m
You may now begin working with Terraform. Try running "terraform plan" to see
any changes that are required for your infrastructure. All Terraform commands
should now work.

If you ever set or change modules or backend configuration for Terraform,
rerun this command to reinitialize your working directory. If you forget, other
commands will detect it and remind you to do so if necessary.[0m
